<?xml version="1.0" encoding="UTF-8" standalone="no"?>
<testsuite errors="0" failures="0" name="io.cucumber.core.plugin.JUnitFormatter" skipped="0" tests="1" time="14.069">
    <testcase classname="E Search Results by Filter" name="Search Page Download Button Verification" time="13.676">
        <system-out>
            <![CDATA[Given User invokes the browser..............................................passed
And User navigates to the search page.......................................passed
When User Clicks On Citations Checkbox......................................passed
Then User Should Able To Download RIS.......................................passed
And User Close The Browser..................................................passed
]]>
        </system-out>
    </testcase>
</testsuite>
