<?xml version="1.0" encoding="UTF-8" standalone="no"?>
<testsuite errors="0" failures="0" name="io.cucumber.core.plugin.JUnitFormatter" skipped="0" tests="14" time="0.664">
    <testcase classname="E Search Year Filter Validation" name="Search Filter Validation With Valid Data" time="0.119">
        <system-out>
            <![CDATA[Given User invokes the browser..............................................passed
And User navigates to the search page.......................................passed
When User Inputs Valid Year "2000" To "2005" In The Textbox.................passed
And User Clicks On Go Button................................................passed
And User Navigates To Search Page...........................................passed
Then User Validates Search Data.............................................passed
And User Close The Browser..................................................passed
]]>
        </system-out>
    </testcase>
    <testcase classname="E Search Year Filter Validation" name="Search Filter Validation With Valid Data 2" time="0.008">
        <system-out>
            <![CDATA[Given User invokes the browser..............................................passed
And User navigates to the search page.......................................passed
When User Inputs Valid Year "2006" To "2010" In The Textbox.................passed
And User Clicks On Go Button................................................passed
And User Navigates To Search Page...........................................passed
Then User Validates Search Data.............................................passed
And User Close The Browser..................................................passed
]]>
        </system-out>
    </testcase>
    <testcase classname="E Search Year Filter Validation" name="Search Filter Validation With Valid Data 3" time="0.013">
        <system-out>
            <![CDATA[Given User invokes the browser..............................................passed
And User navigates to the search page.......................................passed
When User Inputs Valid Year "2017" To "2022" In The Textbox.................passed
And User Clicks On Go Button................................................passed
And User Navigates To Search Page...........................................passed
Then User Validates Search Data.............................................passed
And User Close The Browser..................................................passed
]]>
        </system-out>
    </testcase>
    <testcase classname="E Search Year Filter Validation" name="Search Filter Validation With Valid Data 4" time="0.006">
        <system-out>
            <![CDATA[Given User invokes the browser..............................................passed
And User navigates to the search page.......................................passed
When User Inputs Valid Year "" To "2000" In The Textbox.....................passed
And User Clicks On Go Button................................................passed
And User Navigates To Search Page...........................................passed
Then User Validates Search Data.............................................passed
And User Close The Browser..................................................passed
]]>
        </system-out>
    </testcase>
    <testcase classname="E Search Year Filter Validation" name="Search Filter Validation With Valid Data 5" time="0.01">
        <system-out>
            <![CDATA[Given User invokes the browser..............................................passed
And User navigates to the search page.......................................passed
When User Inputs Valid Year "2000" To "" In The Textbox.....................passed
And User Clicks On Go Button................................................passed
And User Navigates To Search Page...........................................passed
Then User Validates Search Data.............................................passed
And User Close The Browser..................................................passed
]]>
        </system-out>
    </testcase>
    <testcase classname="E Search Year Filter Validation" name="Search Filter Validation with invalid data" time="0.007">
        <system-out>
            <![CDATA[Given User invokes the browser..............................................passed
And User navigates to the search page.......................................passed
When Use inputs invalid year "2023" to "2024" in the textbox................passed
And User Clicks On Go Button................................................passed
And User Navigates To Search Page...........................................passed
Then User Should see "No Search results" Message............................passed
And User Close The Browser..................................................passed
]]>
        </system-out>
    </testcase>
    <testcase classname="E Search Year Filter Validation" name="Search Filter Validation with invalid data 2" time="0.006">
        <system-out>
            <![CDATA[Given User invokes the browser..............................................passed
And User navigates to the search page.......................................passed
When Use inputs invalid year "1250" to "1600" in the textbox................passed
And User Clicks On Go Button................................................passed
And User Navigates To Search Page...........................................passed
Then User Should see "No Search results" Message............................passed
And User Close The Browser..................................................passed
]]>
        </system-out>
    </testcase>
    <testcase classname="E Search Results by Filter" name="Search Filter Validation With Valid Data" time="0.021">
        <system-out>
            <![CDATA[Given User invokes the browser..............................................passed
And User navigates to the search page.......................................passed
When User Inputs Following Valid Year Data In Search Field And Validates....passed
And User Close The Browser..................................................passed
]]>
        </system-out>
    </testcase>
    <testcase classname="E Search Results by Filter" name="Search Filter Validation With InValid Data" time="0.004">
        <system-out>
            <![CDATA[Given User invokes the browser..............................................passed
And User navigates to the search page.......................................passed
When User Input Following invalid Data In Search Field And Validates........passed
And User Close The Browser..................................................passed
]]>
        </system-out>
    </testcase>
    <testcase classname="E Search Results by Filter" name="Search Filter Validation With Given Inputs(Specific Data Validation)" time="0.003">
        <system-out>
            <![CDATA[Given User invokes the browser..............................................passed
And User navigates to the search page.......................................passed
When User Inputs Valid Year Data In Search Field And Validates  With Given Data.passed
And User Close The Browser..................................................passed
]]>
        </system-out>
    </testcase>
    <testcase classname="E Search Results by Filter" name="Validate The Sorted Dropdown (Descending)" time="0.003">
        <system-out>
            <![CDATA[Given User invokes the browser..............................................passed
And User navigates to the search page.......................................passed
When User Clicks On Dropdown And Selects "newest to oldest" Option..........passed
Then User Should See Oldest Publication "1 April 1898" On Top Of Publication List.passed
And User Close The Browser..................................................passed
]]>
        </system-out>
    </testcase>
    <testcase classname="E Search Results by Filter" name="Validate all Year links" time="0.004">
        <system-out>
            <![CDATA[Given User invokes the browser..............................................passed
And User navigates to the search page.......................................passed
And User Clicks On Links In Year Sections And Validates.....................passed
And User Close The Browser..................................................passed
]]>
        </system-out>
    </testcase>
    <testcase classname="E Search Results by Filter" name="Search Page Access Verification" time="0.004">
        <system-out>
            <![CDATA[Given User invokes the browser..............................................passed
And User navigates to the search page.......................................passed
When User clicks on Only content I have access to Link......................passed
Then User Should Verify access Content available On Publication List........passed
And User Clicks On Only Open Access Link....................................passed
Then User Should See Open Access On Publication List........................passed
And User Close The Browser..................................................passed
]]>
        </system-out>
    </testcase>
    <testcase classname="E Search Results by Filter" name="Search Page Download Button Verification" time="0.003">
        <system-out>
            <![CDATA[Given User invokes the browser..............................................passed
And User navigates to the search page.......................................passed
When User Clicks On Citations Checkbox......................................passed
Then User Should Able To Download RIS.......................................passed
And User Close The Browser..................................................passed
]]>
        </system-out>
    </testcase>
</testsuite>
