<?xml version="1.0" encoding="UTF-8"?>
<testng-results ignored="0" total="1" passed="1" failed="0" skipped="0">
  <reporter-output>
  </reporter-output>
  <suite started-at="2022-09-25T18:01:27Z" name="Default suite" finished-at="2022-09-25T18:01:42Z" duration-ms="14332">
    <groups>
      <group name="cucumber">
        <method signature="AbstractTestNGCucumberTests.runScenario(io.cucumber.testng.PickleWrapper, io.cucumber.testng.FeatureWrapper)[pri:0, instance:TestRunner.RunWithTestNg@7fbdb894]" name="runScenario" class="io.cucumber.testng.AbstractTestNGCucumberTests"/>
      </group> <!-- cucumber -->
    </groups>
    <test started-at="2022-09-25T18:01:27Z" name="Default test" finished-at="2022-09-25T18:01:42Z" duration-ms="14332">
      <class name="TestRunner.RunWithTestNg">
        <test-method is-config="true" signature="setUpClass()[pri:0, instance:TestRunner.RunWithTestNg@7fbdb894]" started-at="2022-09-25T18:01:27Z" name="setUpClass" finished-at="2022-09-25T18:01:28Z" duration-ms="976" status="PASS">
          <reporter-output>
          </reporter-output>
        </test-method> <!-- setUpClass -->
        <test-method signature="runScenario(io.cucumber.testng.PickleWrapper, io.cucumber.testng.FeatureWrapper)[pri:0, instance:TestRunner.RunWithTestNg@7fbdb894]" started-at="2022-09-25T18:01:28Z" name="runScenario" description="Runs Cucumber Scenarios" data-provider="scenarios" finished-at="2022-09-25T18:01:41Z" duration-ms="12893" status="PASS">
          <params>
            <param index="0">
              <value>
                <![CDATA["Search Page Download Button Verification"]]>
              </value>
            </param>
            <param index="1">
              <value>
                <![CDATA["Optional[E Search Results by Filter]"]]>
              </value>
            </param>
          </params>
          <reporter-output>
          </reporter-output>
        </test-method> <!-- runScenario -->
        <test-method is-config="true" signature="tearDownClass()[pri:0, instance:TestRunner.RunWithTestNg@7fbdb894]" started-at="2022-09-25T18:01:41Z" name="tearDownClass" finished-at="2022-09-25T18:01:42Z" duration-ms="412" status="PASS">
          <reporter-output>
          </reporter-output>
        </test-method> <!-- tearDownClass -->
      </class> <!-- TestRunner.RunWithTestNg -->
    </test> <!-- Default test -->
  </suite> <!-- Default suite -->
</testng-results>
